<?xml version="1.0" encoding="utf-8"?><testsuites name="pytest tests"><testsuite name="pytest" errors="0" failures="0" skipped="0" tests="16" time="0.086" timestamp="2026-05-30T19:49:32.444340-03:00" hostname="Felippe-Desktop"><testcase classname="test_gerenciamento_notas" name="test_adicionar_nota_valida" time="0.002" /><testcase classname="test_gerenciamento_notas" name="test_cadastrar_varias_notas" time="0.001" /><testcase classname="test_gerenciamento_notas" name="test_adicionar_nota_fora_do_intervalo[-1]" time="0.001" /><testcase classname="test_gerenciamento_notas" name="test_adicionar_nota_fora_do_intervalo[10.1]" time="0.001" /><testcase classname="test_gerenciamento_notas" name="test_adicionar_nota_fora_do_intervalo[11]" time="0.001" /><testcase classname="test_gerenciamento_notas" name="test_adicionar_nota_com_tipo_invalido[dez]" time="0.001" /><testcase classname="test_gerenciamento_notas" name="test_adicionar_nota_com_tipo_invalido[None]" time="0.001" /><testcase classname="test_gerenciamento_notas" name="test_adicionar_nota_com_tipo_invalido[True]" time="0.001" /><testcase classname="test_gerenciamento_notas" name="test_calcular_media_correta" time="0.001" /><testcase classname="test_gerenciamento_notas" name="test_calcular_media_sem_notas_retorna_zero" time="0.001" /><testcase classname="test_gerenciamento_notas" name="test_verificar_situacao_do_aluno[aprovado]" time="0.002" /><testcase classname="test_gerenciamento_notas" name="test_verificar_situacao_do_aluno[recuperacao]" time="0.002" /><testcase classname="test_gerenciamento_notas" name="test_verificar_situacao_do_aluno[reprovado]" time="0.002" /><testcase classname="test_gerenciamento_notas" name="test_verificar_situacao_nos_limites[limite_aprovado]" time="0.002" /><testcase classname="test_gerenciamento_notas" name="test_verificar_situacao_nos_limites[limite_recuperacao]" time="0.001" /><testcase classname="test_gerenciamento_notas" name="test_verificar_situacao_nos_limites[limite_reprovado]" time="0.001" /></testsuite></testsuites>